# JRE version: Java(TM) SE Runtime Environment (24.0.2+12) (build 24.0.2+12-54)
# Java VM: Java HotSpot(TM) 64-Bit Server VM (24.0.2+12-54, mixed mode, sharing, tiered, compressed oops, compressed class ptrs, g1 gc, windows-amd64)
GC Precious Log:
 CardTable entry size: 512
 Card Set container configuration: InlinePtr #cards 5 size 8 Array Of Cards #cards 10 size 36 Howl #buckets 4 coarsen threshold 1843 Howl Bitmap #cards 512 size 80 coarsen threshold 460 Card regions per heap region 1 cards per card region 2048
 CPUs: 8 total, 8 available
 Memory: 7541M
 Large Page Support: Disabled
 NUMA Support: Disabled
 Compressed Oops: Enabled (32-bit)
 Heap Region Size: 1M
 Heap Min Capacity: 8M
 Heap Initial Capacity: 118M
 Heap Max Capacity: 1886M
 Pre-touch: Disabled
 Parallel Workers: 8
 Concurrent Workers: 2
 Concurrent Refinement Workers: 8
 Periodic GC: Disabled
Heap:
 garbage-first heap   total reserved 1931264K, committed 58368K, used 34558K [0x000000008a200000, 0x0000000100000000)
  region size 1024K, 4 young (4096K), 1 survivors (1024K)
 Metaspace       used 67798K, committed 68288K, reserved 1114112K
  class space    used 7428K, committed 7616K, reserved 1048576K
GC Heap History (20 events):
Event: 43.474 GC heap before
{Heap before GC invocations=4 (full 0):
 garbage-first heap   total reserved 1931264K, committed 58368K, used 45262K [0x000000008a200000, 0x0000000100000000)
  region size 1024K, 34 young (34816K), 4 survivors (4096K)
 Metaspace       used 28784K, committed 29120K, reserved 1114112K
  class space    used 3096K, committed 3264K, reserved 1048576K
}
Event: 43.483 GC heap after
{Heap after GC invocations=5 (full 0):
 garbage-first heap   total reserved 1931264K, committed 58368K, used 19170K [0x000000008a200000, 0x0000000100000000)
  region size 1024K, 5 young (5120K), 5 survivors (5120K)
 Metaspace       used 28784K, committed 29120K, reserved 1114112K
  class space    used 3096K, committed 3264K, reserved 1048576K
}
Event: 48.592 GC heap before
{Heap before GC invocations=5 (full 0):
 garbage-first heap   total reserved 1931264K, committed 58368K, used 42722K [0x000000008a200000, 0x0000000100000000)
  region size 1024K, 28 young (28672K), 5 survivors (5120K)
 Metaspace       used 31453K, committed 31808K, reserved 1114112K
  class space    used 3350K, committed 3520K, reserved 1048576K
}
Event: 48.603 GC heap after
{Heap after GC invocations=6 (full 0):
 garbage-first heap   total reserved 1931264K, committed 58368K, used 21863K [0x000000008a200000, 0x0000000100000000)
  region size 1024K, 3 young (3072K), 3 survivors (3072K)
 Metaspace       used 31453K, committed 31808K, reserved 1114112K
  class space    used 3350K, committed 3520K, reserved 1048576K
}
Event: 54.710 GC heap before
{Heap before GC invocations=6 (full 0):
 garbage-first heap   total reserved 1931264K, committed 58368K, used 45415K [0x000000008a200000, 0x0000000100000000)
  region size 1024K, 26 young (26624K), 3 survivors (3072K)
 Metaspace       used 35187K, committed 35584K, reserved 1114112K
  class space    used 3800K, committed 3968K, reserved 1048576K
}
Event: 54.719 GC heap after
{Heap after GC invocations=7 (full 0):
 garbage-first heap   total reserved 1931264K, committed 58368K, used 24239K [0x000000008a200000, 0x0000000100000000)
  region size 1024K, 3 young (3072K), 3 survivors (3072K)
 Metaspace       used 35187K, committed 35584K, reserved 1114112K
  class space    used 3800K, committed 3968K, reserved 1048576K
}
Event: 57.056 GC heap before
{Heap before GC invocations=7 (full 0):
 garbage-first heap   total reserved 1931264K, committed 58368K, used 35503K [0x000000008a200000, 0x0000000100000000)
  region size 1024K, 15 young (15360K), 3 survivors (3072K)
 Metaspace       used 37513K, committed 37888K, reserved 1114112K
  class space    used 4054K, committed 4224K, reserved 1048576K
}
Event: 57.063 GC heap after
{Heap after GC invocations=8 (full 0):
 garbage-first heap   total reserved 1931264K, committed 58368K, used 24989K [0x000000008a200000, 0x0000000100000000)
  region size 1024K, 1 young (1024K), 1 survivors (1024K)
 Metaspace       used 37513K, committed 37888K, reserved 1114112K
  class space    used 4054K, committed 4224K, reserved 1048576K
}
Event: 62.891 GC heap before
{Heap before GC invocations=9 (full 0):
 garbage-first heap   total reserved 1931264K, committed 58368K, used 48541K [0x000000008a200000, 0x0000000100000000)
  region size 1024K, 24 young (24576K), 1 survivors (1024K)
 Metaspace       used 43004K, committed 43456K, reserved 1114112K
  class space    used 4740K, committed 4928K, reserved 1048576K
}
Event: 62.898 GC heap after
{Heap after GC invocations=10 (full 0):
 garbage-first heap   total reserved 1931264K, committed 58368K, used 26724K [0x000000008a200000, 0x0000000100000000)
  region size 1024K, 3 young (3072K), 3 survivors (3072K)
 Metaspace       used 43004K, committed 43456K, reserved 1114112K
  class space    used 4740K, committed 4928K, reserved 1048576K
}
Event: 116.307 GC heap before
{Heap before GC invocations=10 (full 0):
 garbage-first heap   total reserved 1931264K, committed 58368K, used 49252K [0x000000008a200000, 0x0000000100000000)
  region size 1024K, 25 young (25600K), 3 survivors (3072K)
 Metaspace       used 50013K, committed 50432K, reserved 1114112K
  class space    used 5444K, committed 5632K, reserved 1048576K
}
Event: 116.424 GC heap after
{Heap after GC invocations=11 (full 0):
 garbage-first heap   total reserved 1931264K, committed 58368K, used 28208K [0x000000008a200000, 0x0000000100000000)
  region size 1024K, 4 young (4096K), 4 survivors (4096K)
 Metaspace       used 50013K, committed 50432K, reserved 1114112K
  class space    used 5444K, committed 5632K, reserved 1048576K
}
Event: 121.167 GC heap before
{Heap before GC invocations=11 (full 0):
 garbage-first heap   total reserved 1931264K, committed 58368K, used 47664K [0x000000008a200000, 0x0000000100000000)
  region size 1024K, 24 young (24576K), 4 survivors (4096K)
 Metaspace       used 55205K, committed 55616K, reserved 1114112K
  class space    used 5937K, committed 6080K, reserved 1048576K
}
Event: 121.179 GC heap after
{Heap after GC invocations=12 (full 0):
 garbage-first heap   total reserved 1931264K, committed 58368K, used 29505K [0x000000008a200000, 0x0000000100000000)
  region size 1024K, 3 young (3072K), 3 survivors (3072K)
 Metaspace       used 55205K, committed 55616K, reserved 1114112K
  class space    used 5937K, committed 6080K, reserved 1048576K
}
Event: 126.396 GC heap before
{Heap before GC invocations=12 (full 0):
 garbage-first heap   total reserved 1931264K, committed 58368K, used 49985K [0x000000008a200000, 0x0000000100000000)
  region size 1024K, 24 young (24576K), 3 survivors (3072K)
 Metaspace       used 62037K, committed 62528K, reserved 1114112K
  class space    used 6798K, committed 6976K, reserved 1048576K
}
Event: 126.408 GC heap after
{Heap after GC invocations=13 (full 0):
 garbage-first heap   total reserved 1931264K, committed 58368K, used 29909K [0x000000008a200000, 0x0000000100000000)
  region size 1024K, 2 young (2048K), 2 survivors (2048K)
 Metaspace       used 62037K, committed 62528K, reserved 1114112K
  class space    used 6798K, committed 6976K, reserved 1048576K
}
Event: 184.861 GC heap before
{Heap before GC invocations=14 (full 0):
 garbage-first heap   total reserved 1931264K, committed 58368K, used 51413K [0x000000008a200000, 0x0000000100000000)
  region size 1024K, 23 young (23552K), 2 survivors (2048K)
 Metaspace       used 65170K, committed 65664K, reserved 1114112K
  class space    used 7178K, committed 7360K, reserved 1048576K
}
Event: 185.215 GC heap after
{Heap after GC invocations=15 (full 0):
 garbage-first heap   total reserved 1931264K, committed 58368K, used 31850K [0x000000008a200000, 0x0000000100000000)
  region size 1024K, 3 young (3072K), 3 survivors (3072K)
 Metaspace       used 65170K, committed 65664K, reserved 1114112K
  class space    used 7178K, committed 7360K, reserved 1048576K
}
Event: 192.061 GC heap before
{Heap before GC invocations=15 (full 0):
 garbage-first heap   total reserved 1931264K, committed 58368K, used 44138K [0x000000008a200000, 0x0000000100000000)
  region size 1024K, 15 young (15360K), 3 survivors (3072K)
 Metaspace       used 67569K, committed 68096K, reserved 1114112K
  class space    used 7407K, committed 7616K, reserved 1048576K
}
Event: 192.121 GC heap after
{Heap after GC invocations=16 (full 0):
 garbage-first heap   total reserved 1931264K, committed 58368K, used 32510K [0x000000008a200000, 0x0000000100000000)
  region size 1024K, 1 young (1024K), 1 survivors (1024K)
 Metaspace       used 67569K, committed 68096K, reserved 1114112K
  class space    used 7407K, committed 7616K, reserved 1048576K
}

