# JRE version: Java(TM) SE Runtime Environment (24.0.2+12) (build 24.0.2+12-54)
# Java VM: Java HotSpot(TM) 64-Bit Server VM (24.0.2+12-54, mixed mode, sharing, tiered, compressed oops, compressed class ptrs, g1 gc, windows-amd64)
GC Precious Log:
 CardTable entry size: 512
 Card Set container configuration: InlinePtr #cards 5 size 8 Array Of Cards #cards 10 size 36 Howl #buckets 4 coarsen threshold 1843 Howl Bitmap #cards 512 size 80 coarsen threshold 460 Card regions per heap region 1 cards per card region 2048
 CPUs: 8 total, 8 available
 Memory: 7541M
 Large Page Support: Disabled
 NUMA Support: Disabled
 Compressed Oops: Enabled (32-bit)
 Heap Region Size: 1M
 Heap Min Capacity: 8M
 Heap Initial Capacity: 118M
 Heap Max Capacity: 1886M
 Pre-touch: Disabled
 Parallel Workers: 8
 Concurrent Workers: 2
 Concurrent Refinement Workers: 8
 Periodic GC: Disabled
Heap:
 garbage-first heap   total reserved 1931264K, committed 58368K, used 26945K [0x000000008a200000, 0x0000000100000000)
  region size 1024K, 3 young (3072K), 1 survivors (1024K)
 Metaspace       used 37732K, committed 38144K, reserved 1114112K
  class space    used 4072K, committed 4224K, reserved 1048576K
GC Heap History (14 events):
Event: 8.658 GC heap before
{Heap before GC invocations=0 (full 0):
 garbage-first heap   total reserved 1931264K, committed 122880K, used 51316K [0x000000008a200000, 0x0000000100000000)
  region size 1024K, 47 young (48128K), 0 survivors (0K)
 Metaspace       used 8952K, committed 9216K, reserved 1114112K
  class space    used 960K, committed 1088K, reserved 1048576K
}
Event: 8.762 GC heap after
{Heap after GC invocations=1 (full 0):
 garbage-first heap   total reserved 1931264K, committed 122880K, used 11636K [0x000000008a200000, 0x0000000100000000)
  region size 1024K, 6 young (6144K), 6 survivors (6144K)
 Metaspace       used 8952K, committed 9216K, reserved 1114112K
  class space    used 960K, committed 1088K, reserved 1048576K
}
Event: 14.360 GC heap before
{Heap before GC invocations=1 (full 0):
 garbage-first heap   total reserved 1931264K, committed 122880K, used 59764K [0x000000008a200000, 0x0000000100000000)
  region size 1024K, 53 young (54272K), 6 survivors (6144K)
 Metaspace       used 20315K, committed 20608K, reserved 1114112K
  class space    used 2357K, committed 2496K, reserved 1048576K
}
Event: 14.372 GC heap after
{Heap after GC invocations=2 (full 0):
 garbage-first heap   total reserved 1931264K, committed 122880K, used 16083K [0x000000008a200000, 0x0000000100000000)
  region size 1024K, 4 young (4096K), 4 survivors (4096K)
 Metaspace       used 20315K, committed 20608K, reserved 1114112K
  class space    used 2357K, committed 2496K, reserved 1048576K
}
Event: 14.949 GC heap before
{Heap before GC invocations=2 (full 0):
 garbage-first heap   total reserved 1931264K, committed 122880K, used 20179K [0x000000008a200000, 0x0000000100000000)
  region size 1024K, 9 young (9216K), 4 survivors (4096K)
 Metaspace       used 21215K, committed 21504K, reserved 1114112K
  class space    used 2448K, committed 2560K, reserved 1048576K
}
Event: 14.954 GC heap after
{Heap after GC invocations=3 (full 0):
 garbage-first heap   total reserved 1931264K, committed 122880K, used 16386K [0x000000008a200000, 0x0000000100000000)
  region size 1024K, 4 young (4096K), 4 survivors (4096K)
 Metaspace       used 21215K, committed 21504K, reserved 1114112K
  class space    used 2448K, committed 2560K, reserved 1048576K
}
Event: 17.648 GC heap before
{Heap before GC invocations=4 (full 0):
 garbage-first heap   total reserved 1931264K, committed 58368K, used 46082K [0x000000008a200000, 0x0000000100000000)
  region size 1024K, 34 young (34816K), 4 survivors (4096K)
 Metaspace       used 28838K, committed 29248K, reserved 1114112K
  class space    used 3098K, committed 3264K, reserved 1048576K
}
Event: 17.657 GC heap after
{Heap after GC invocations=5 (full 0):
 garbage-first heap   total reserved 1931264K, committed 58368K, used 20315K [0x000000008a200000, 0x0000000100000000)
  region size 1024K, 5 young (5120K), 5 survivors (5120K)
 Metaspace       used 28838K, committed 29248K, reserved 1114112K
  class space    used 3098K, committed 3264K, reserved 1048576K
}
Event: 20.356 GC heap before
{Heap before GC invocations=5 (full 0):
 garbage-first heap   total reserved 1931264K, committed 58368K, used 42843K [0x000000008a200000, 0x0000000100000000)
  region size 1024K, 27 young (27648K), 5 survivors (5120K)
 Metaspace       used 31400K, committed 31744K, reserved 1114112K
  class space    used 3339K, committed 3520K, reserved 1048576K
}
Event: 20.368 GC heap after
{Heap after GC invocations=6 (full 0):
 garbage-first heap   total reserved 1931264K, committed 58368K, used 22945K [0x000000008a200000, 0x0000000100000000)
  region size 1024K, 3 young (3072K), 3 survivors (3072K)
 Metaspace       used 31400K, committed 31744K, reserved 1114112K
  class space    used 3339K, committed 3520K, reserved 1048576K
}
Event: 23.935 GC heap before
{Heap before GC invocations=6 (full 0):
 garbage-first heap   total reserved 1931264K, committed 58368K, used 46497K [0x000000008a200000, 0x0000000100000000)
  region size 1024K, 26 young (26624K), 3 survivors (3072K)
 Metaspace       used 35100K, committed 35520K, reserved 1114112K
  class space    used 3788K, committed 3968K, reserved 1048576K
}
Event: 23.946 GC heap after
{Heap after GC invocations=7 (full 0):
 garbage-first heap   total reserved 1931264K, committed 58368K, used 25124K [0x000000008a200000, 0x0000000100000000)
  region size 1024K, 3 young (3072K), 3 survivors (3072K)
 Metaspace       used 35100K, committed 35520K, reserved 1114112K
  class space    used 3788K, committed 3968K, reserved 1048576K
}
Event: 26.962 GC heap before
{Heap before GC invocations=7 (full 0):
 garbage-first heap   total reserved 1931264K, committed 58368K, used 36388K [0x000000008a200000, 0x0000000100000000)
  region size 1024K, 15 young (15360K), 3 survivors (3072K)
 Metaspace       used 37347K, committed 37696K, reserved 1114112K
  class space    used 4033K, committed 4160K, reserved 1048576K
}
Event: 26.970 GC heap after
{Heap after GC invocations=8 (full 0):
 garbage-first heap   total reserved 1931264K, committed 58368K, used 25921K [0x000000008a200000, 0x0000000100000000)
  region size 1024K, 1 young (1024K), 1 survivors (1024K)
 Metaspace       used 37347K, committed 37696K, reserved 1114112K
  class space    used 4033K, committed 4160K, reserved 1048576K
}

