# JRE version: Java(TM) SE Runtime Environment (24.0.2+12) (build 24.0.2+12-54)
# Java VM: Java HotSpot(TM) 64-Bit Server VM (24.0.2+12-54, mixed mode, sharing, tiered, compressed oops, compressed class ptrs, g1 gc, windows-amd64)
GC Precious Log:
 CardTable entry size: 512
 Card Set container configuration: InlinePtr #cards 5 size 8 Array Of Cards #cards 10 size 36 Howl #buckets 4 coarsen threshold 1843 Howl Bitmap #cards 512 size 80 coarsen threshold 460 Card regions per heap region 1 cards per card region 2048
 CPUs: 8 total, 8 available
 Memory: 7541M
 Large Page Support: Disabled
 NUMA Support: Disabled
 Compressed Oops: Enabled (32-bit)
 Heap Region Size: 1M
 Heap Min Capacity: 8M
 Heap Initial Capacity: 118M
 Heap Max Capacity: 1886M
 Pre-touch: Disabled
 Parallel Workers: 8
 Concurrent Workers: 2
 Concurrent Refinement Workers: 8
 Periodic GC: Disabled
Heap:
 garbage-first heap   total reserved 1931264K, committed 61440K, used 39500K [0x000000008a200000, 0x0000000100000000)
  region size 1024K, 11 young (11264K), 4 survivors (4096K)
 Metaspace       used 71060K, committed 71552K, reserved 1114112K
  class space    used 7657K, committed 7872K, reserved 1048576K
GC Heap History (20 events):
Event: 15.877 GC heap before
{Heap before GC invocations=4 (full 0):
 garbage-first heap   total reserved 1931264K, committed 61440K, used 47287K [0x000000008a200000, 0x0000000100000000)
  region size 1024K, 36 young (36864K), 5 survivors (5120K)
 Metaspace       used 29043K, committed 29376K, reserved 1114112K
  class space    used 3112K, committed 3264K, reserved 1048576K
}
Event: 15.886 GC heap after
{Heap after GC invocations=5 (full 0):
 garbage-first heap   total reserved 1931264K, committed 61440K, used 20674K [0x000000008a200000, 0x0000000100000000)
  region size 1024K, 5 young (5120K), 5 survivors (5120K)
 Metaspace       used 29043K, committed 29376K, reserved 1114112K
  class space    used 3112K, committed 3264K, reserved 1048576K
}
Event: 18.946 GC heap before
{Heap before GC invocations=5 (full 0):
 garbage-first heap   total reserved 1931264K, committed 61440K, used 45250K [0x000000008a200000, 0x0000000100000000)
  region size 1024K, 29 young (29696K), 5 survivors (5120K)
 Metaspace       used 31839K, committed 32192K, reserved 1114112K
  class space    used 3374K, committed 3520K, reserved 1048576K
}
Event: 18.962 GC heap after
{Heap after GC invocations=6 (full 0):
 garbage-first heap   total reserved 1931264K, committed 61440K, used 23379K [0x000000008a200000, 0x0000000100000000)
  region size 1024K, 3 young (3072K), 3 survivors (3072K)
 Metaspace       used 31839K, committed 32192K, reserved 1114112K
  class space    used 3374K, committed 3520K, reserved 1048576K
}
Event: 21.846 GC heap before
{Heap before GC invocations=6 (full 0):
 garbage-first heap   total reserved 1931264K, committed 61440K, used 47955K [0x000000008a200000, 0x0000000100000000)
  region size 1024K, 27 young (27648K), 3 survivors (3072K)
 Metaspace       used 35584K, committed 35968K, reserved 1114112K
  class space    used 3820K, committed 3968K, reserved 1048576K
}
Event: 21.857 GC heap after
{Heap after GC invocations=7 (full 0):
 garbage-first heap   total reserved 1931264K, committed 61440K, used 25949K [0x000000008a200000, 0x0000000100000000)
  region size 1024K, 3 young (3072K), 3 survivors (3072K)
 Metaspace       used 35584K, committed 35968K, reserved 1114112K
  class space    used 3820K, committed 3968K, reserved 1048576K
}
Event: 22.539 GC heap before
{Heap before GC invocations=7 (full 0):
 garbage-first heap   total reserved 1931264K, committed 61440K, used 27997K [0x000000008a200000, 0x0000000100000000)
  region size 1024K, 6 young (6144K), 3 survivors (3072K)
 Metaspace       used 35883K, committed 36288K, reserved 1114112K
  class space    used 3852K, committed 4032K, reserved 1048576K
}
Event: 22.545 GC heap after
{Heap after GC invocations=8 (full 0):
 garbage-first heap   total reserved 1931264K, committed 61440K, used 26091K [0x000000008a200000, 0x0000000100000000)
  region size 1024K, 1 young (1024K), 1 survivors (1024K)
 Metaspace       used 35883K, committed 36288K, reserved 1114112K
  class space    used 3852K, committed 4032K, reserved 1048576K
}
Event: 26.076 GC heap before
{Heap before GC invocations=9 (full 0):
 garbage-first heap   total reserved 1931264K, committed 61440K, used 49643K [0x000000008a200000, 0x0000000100000000)
  region size 1024K, 24 young (24576K), 1 survivors (1024K)
 Metaspace       used 41150K, committed 41600K, reserved 1114112K
  class space    used 4531K, committed 4736K, reserved 1048576K
}
Event: 26.082 GC heap after
{Heap after GC invocations=10 (full 0):
 garbage-first heap   total reserved 1931264K, committed 61440K, used 27633K [0x000000008a200000, 0x0000000100000000)
  region size 1024K, 2 young (2048K), 2 survivors (2048K)
 Metaspace       used 41150K, committed 41600K, reserved 1114112K
  class space    used 4531K, committed 4736K, reserved 1048576K
}
Event: 30.271 GC heap before
{Heap before GC invocations=10 (full 0):
 garbage-first heap   total reserved 1931264K, committed 61440K, used 50161K [0x000000008a200000, 0x0000000100000000)
  region size 1024K, 25 young (25600K), 2 survivors (2048K)
 Metaspace       used 48318K, committed 48704K, reserved 1114112K
  class space    used 5249K, committed 5376K, reserved 1048576K
}
Event: 30.278 GC heap after
{Heap after GC invocations=11 (full 0):
 garbage-first heap   total reserved 1931264K, committed 61440K, used 28841K [0x000000008a200000, 0x0000000100000000)
  region size 1024K, 4 young (4096K), 4 survivors (4096K)
 Metaspace       used 48318K, committed 48704K, reserved 1114112K
  class space    used 5249K, committed 5376K, reserved 1048576K
}
Event: 33.720 GC heap before
{Heap before GC invocations=11 (full 0):
 garbage-first heap   total reserved 1931264K, committed 61440K, used 51369K [0x000000008a200000, 0x0000000100000000)
  region size 1024K, 27 young (27648K), 4 survivors (4096K)
 Metaspace       used 54893K, committed 55296K, reserved 1114112K
  class space    used 5843K, committed 6016K, reserved 1048576K
}
Event: 33.730 GC heap after
{Heap after GC invocations=12 (full 0):
 garbage-first heap   total reserved 1931264K, committed 61440K, used 30065K [0x000000008a200000, 0x0000000100000000)
  region size 1024K, 3 young (3072K), 3 survivors (3072K)
 Metaspace       used 54893K, committed 55296K, reserved 1114112K
  class space    used 5843K, committed 6016K, reserved 1048576K
}
Event: 35.197 GC heap before
{Heap before GC invocations=12 (full 0):
 garbage-first heap   total reserved 1931264K, committed 61440K, used 45425K [0x000000008a200000, 0x0000000100000000)
  region size 1024K, 20 young (20480K), 3 survivors (3072K)
 Metaspace       used 60255K, committed 60608K, reserved 1114112K
  class space    used 6405K, committed 6528K, reserved 1048576K
}
Event: 35.204 GC heap after
{Heap after GC invocations=13 (full 0):
 garbage-first heap   total reserved 1931264K, committed 61440K, used 30789K [0x000000008a200000, 0x0000000100000000)
  region size 1024K, 2 young (2048K), 2 survivors (2048K)
 Metaspace       used 60255K, committed 60608K, reserved 1114112K
  class space    used 6405K, committed 6528K, reserved 1048576K
}
Event: 37.745 GC heap before
{Heap before GC invocations=14 (full 0):
 garbage-first heap   total reserved 1931264K, committed 61440K, used 53317K [0x000000008a200000, 0x0000000100000000)
  region size 1024K, 25 young (25600K), 2 survivors (2048K)
 Metaspace       used 65800K, committed 66304K, reserved 1114112K
  class space    used 7143K, committed 7360K, reserved 1048576K
}
Event: 37.751 GC heap after
{Heap after GC invocations=15 (full 0):
 garbage-first heap   total reserved 1931264K, committed 61440K, used 31993K [0x000000008a200000, 0x0000000100000000)
  region size 1024K, 3 young (3072K), 3 survivors (3072K)
 Metaspace       used 65800K, committed 66304K, reserved 1114112K
  class space    used 7143K, committed 7360K, reserved 1048576K
}
Event: 41.095 GC heap before
{Heap before GC invocations=15 (full 0):
 garbage-first heap   total reserved 1931264K, committed 61440K, used 53497K [0x000000008a200000, 0x0000000100000000)
  region size 1024K, 25 young (25600K), 3 survivors (3072K)
 Metaspace       used 69857K, committed 70400K, reserved 1114112K
  class space    used 7557K, committed 7808K, reserved 1048576K
}
Event: 41.106 GC heap after
{Heap after GC invocations=16 (full 0):
 garbage-first heap   total reserved 1931264K, committed 61440K, used 33356K [0x000000008a200000, 0x0000000100000000)
  region size 1024K, 4 young (4096K), 4 survivors (4096K)
 Metaspace       used 69857K, committed 70400K, reserved 1114112K
  class space    used 7557K, committed 7808K, reserved 1048576K
}

